[07-Oct-2021 04:05:36 UTC] PHP Fatal error:  Allowed memory size of 134217728 bytes exhausted (tried to allocate 4194312 bytes) in /home/massimoi/Documenti/HTML/igas/Vendor/cakephp/cakephp/lib/Cake/Utility/Hash.php on line 132
[07-Oct-2021 04:05:36 UTC] PHP Stack trace:
[07-Oct-2021 04:05:36 UTC] PHP   1. {main}() /home/massimoi/Documenti/HTML/igas/webroot/index.php:0
[07-Oct-2021 04:05:36 UTC] PHP   2. Dispatcher->dispatch() /home/massimoi/Documenti/HTML/igas/webroot/index.php:121
[07-Oct-2021 04:05:36 UTC] PHP   3. Dispatcher->_invoke() /home/massimoi/Documenti/HTML/igas/Vendor/cakephp/cakephp/lib/Cake/Routing/Dispatcher.php:167
[07-Oct-2021 04:05:36 UTC] PHP   4. OreController->invokeAction() /home/massimoi/Documenti/HTML/igas/Vendor/cakephp/cakephp/lib/Cake/Routing/Dispatcher.php:193
[07-Oct-2021 04:05:36 UTC] PHP   5. ReflectionMethod->invokeArgs() /home/massimoi/Documenti/HTML/igas/Vendor/cakephp/cakephp/lib/Cake/Controller/Controller.php:499
[07-Oct-2021 04:05:36 UTC] PHP   6. OreController->riassuntocaricamenti() /home/massimoi/Documenti/HTML/igas/Vendor/cakephp/cakephp/lib/Cake/Controller/Controller.php:499
[07-Oct-2021 04:05:36 UTC] PHP   7. Ora->getPersone() /home/massimoi/Documenti/HTML/igas/Controller/OreController.php:629
[07-Oct-2021 04:05:36 UTC] PHP   8. Ora->find() /home/massimoi/Documenti/HTML/igas/Model/Ora.php:163
[07-Oct-2021 04:05:36 UTC] PHP   9. Ora->find() /home/massimoi/Documenti/HTML/igas/Model/AppModel.php:55
[07-Oct-2021 04:05:36 UTC] PHP  10. Ora->_readDataSource() /home/massimoi/Documenti/HTML/igas/Vendor/cakephp/cakephp/lib/Cake/Model/Model.php:3025
[07-Oct-2021 04:05:36 UTC] PHP  11. Ora->_findList() /home/massimoi/Documenti/HTML/igas/Vendor/cakephp/cakephp/lib/Cake/Model/Model.php:3063
[07-Oct-2021 04:05:36 UTC] PHP  12. Hash::combine() /home/massimoi/Documenti/HTML/igas/Vendor/cakephp/cakephp/lib/Cake/Model/Model.php:3270
[07-Oct-2021 04:05:36 UTC] PHP  13. Hash::extract() /home/massimoi/Documenti/HTML/igas/Vendor/cakephp/cakephp/lib/Cake/Utility/Hash.php:403
[07-Oct-2021 04:07:06 UTC] PHP Fatal error:  Allowed memory size of 134217728 bytes exhausted (tried to allocate 4194312 bytes) in /home/massimoi/Documenti/HTML/igas/Vendor/cakephp/cakephp/lib/Cake/Utility/Hash.php on line 132
[07-Oct-2021 04:07:06 UTC] PHP Stack trace:
[07-Oct-2021 04:07:06 UTC] PHP   1. {main}() /home/massimoi/Documenti/HTML/igas/webroot/index.php:0
[07-Oct-2021 04:07:06 UTC] PHP   2. Dispatcher->dispatch() /home/massimoi/Documenti/HTML/igas/webroot/index.php:121
[07-Oct-2021 04:07:06 UTC] PHP   3. Dispatcher->_invoke() /home/massimoi/Documenti/HTML/igas/Vendor/cakephp/cakephp/lib/Cake/Routing/Dispatcher.php:167
[07-Oct-2021 04:07:06 UTC] PHP   4. OreController->invokeAction() /home/massimoi/Documenti/HTML/igas/Vendor/cakephp/cakephp/lib/Cake/Routing/Dispatcher.php:193
[07-Oct-2021 04:07:06 UTC] PHP   5. ReflectionMethod->invokeArgs() /home/massimoi/Documenti/HTML/igas/Vendor/cakephp/cakephp/lib/Cake/Controller/Controller.php:499
[07-Oct-2021 04:07:06 UTC] PHP   6. OreController->riassuntocaricamenti() /home/massimoi/Documenti/HTML/igas/Vendor/cakephp/cakephp/lib/Cake/Controller/Controller.php:499
[07-Oct-2021 04:07:06 UTC] PHP   7. Ora->getPersone() /home/massimoi/Documenti/HTML/igas/Controller/OreController.php:629
[07-Oct-2021 04:07:06 UTC] PHP   8. Ora->find() /home/massimoi/Documenti/HTML/igas/Model/Ora.php:163
[07-Oct-2021 04:07:06 UTC] PHP   9. Ora->find() /home/massimoi/Documenti/HTML/igas/Model/AppModel.php:55
[07-Oct-2021 04:07:06 UTC] PHP  10. Ora->_readDataSource() /home/massimoi/Documenti/HTML/igas/Vendor/cakephp/cakephp/lib/Cake/Model/Model.php:3025
[07-Oct-2021 04:07:06 UTC] PHP  11. Ora->_findList() /home/massimoi/Documenti/HTML/igas/Vendor/cakephp/cakephp/lib/Cake/Model/Model.php:3063
[07-Oct-2021 04:07:06 UTC] PHP  12. Hash::combine() /home/massimoi/Documenti/HTML/igas/Vendor/cakephp/cakephp/lib/Cake/Model/Model.php:3270
[07-Oct-2021 04:07:06 UTC] PHP  13. Hash::extract() /home/massimoi/Documenti/HTML/igas/Vendor/cakephp/cakephp/lib/Cake/Utility/Hash.php:403
[07-Oct-2021 04:07:25 UTC] PHP Fatal error:  Allowed memory size of 134217728 bytes exhausted (tried to allocate 4194312 bytes) in /home/massimoi/Documenti/HTML/igas/Vendor/cakephp/cakephp/lib/Cake/Utility/Hash.php on line 132
[07-Oct-2021 04:07:25 UTC] PHP Stack trace:
[07-Oct-2021 04:07:25 UTC] PHP   1. {main}() /home/massimoi/Documenti/HTML/igas/webroot/index.php:0
[07-Oct-2021 04:07:25 UTC] PHP   2. Dispatcher->dispatch() /home/massimoi/Documenti/HTML/igas/webroot/index.php:121
[07-Oct-2021 04:07:25 UTC] PHP   3. Dispatcher->_invoke() /home/massimoi/Documenti/HTML/igas/Vendor/cakephp/cakephp/lib/Cake/Routing/Dispatcher.php:167
[07-Oct-2021 04:07:25 UTC] PHP   4. OreController->invokeAction() /home/massimoi/Documenti/HTML/igas/Vendor/cakephp/cakephp/lib/Cake/Routing/Dispatcher.php:193
[07-Oct-2021 04:07:25 UTC] PHP   5. ReflectionMethod->invokeArgs() /home/massimoi/Documenti/HTML/igas/Vendor/cakephp/cakephp/lib/Cake/Controller/Controller.php:499
[07-Oct-2021 04:07:25 UTC] PHP   6. OreController->riassuntocaricamenti() /home/massimoi/Documenti/HTML/igas/Vendor/cakephp/cakephp/lib/Cake/Controller/Controller.php:499
[07-Oct-2021 04:07:25 UTC] PHP   7. Ora->getPersone() /home/massimoi/Documenti/HTML/igas/Controller/OreController.php:629
[07-Oct-2021 04:07:25 UTC] PHP   8. Ora->find() /home/massimoi/Documenti/HTML/igas/Model/Ora.php:163
[07-Oct-2021 04:07:25 UTC] PHP   9. Ora->find() /home/massimoi/Documenti/HTML/igas/Model/AppModel.php:55
[07-Oct-2021 04:07:25 UTC] PHP  10. Ora->_readDataSource() /home/massimoi/Documenti/HTML/igas/Vendor/cakephp/cakephp/lib/Cake/Model/Model.php:3025
[07-Oct-2021 04:07:25 UTC] PHP  11. Ora->_findList() /home/massimoi/Documenti/HTML/igas/Vendor/cakephp/cakephp/lib/Cake/Model/Model.php:3063
[07-Oct-2021 04:07:25 UTC] PHP  12. Hash::combine() /home/massimoi/Documenti/HTML/igas/Vendor/cakephp/cakephp/lib/Cake/Model/Model.php:3270
[07-Oct-2021 04:07:25 UTC] PHP  13. Hash::extract() /home/massimoi/Documenti/HTML/igas/Vendor/cakephp/cakephp/lib/Cake/Utility/Hash.php:403
